# JRE version: OpenJDK Runtime Environment (23.0.1+11) (build 23.0.1+11-39)
# Java VM: OpenJDK 64-Bit Server VM (23.0.1+11-39, mixed mode, sharing, tiered, compressed oops, compressed class ptrs, g1 gc, windows-amd64)
GC Precious Log:
 CardTable entry size: 512
 Card Set container configuration: InlinePtr #cards 4 size 8 Array Of Cards #cards 32 size 80 Howl #buckets 8 coarsen threshold 7372 Howl Bitmap #cards 1024 size 144 coarsen threshold 921 Card regions per heap region 1 cards per card region 8192
 CPUs: 28 total, 28 available
 Memory: 24417M
 Large Page Support: Disabled
 NUMA Support: Disabled
 Compressed Oops: Enabled (Zero based)
 Heap Region Size: 4M
 Heap Min Capacity: 8M
 Heap Initial Capacity: 384M
 Heap Max Capacity: 6108M
 Pre-touch: Disabled
 Parallel Workers: 20
 Concurrent Workers: 5
 Concurrent Refinement Workers: 20
 Periodic GC: Disabled
Heap:
 garbage-first heap   total reserved 6254592K, committed 110592K, used 70707K [0x0000000682400000, 0x0000000800000000)
  region size 4096K, 14 young (57344K), 3 survivors (12288K)
 Metaspace       used 71831K, committed 72512K, reserved 1114112K
  class space    used 9764K, committed 10048K, reserved 1048576K
GC Heap History (20 events):
Event: 1.926 GC heap before
{Heap before GC invocations=2 (full 0):
 garbage-first heap   total reserved 6254592K, committed 393216K, used 37607K [0x0000000682400000, 0x0000000800000000)
  region size 4096K, 9 young (36864K), 1 survivors (4096K)
 Metaspace       used 21277K, committed 21504K, reserved 1114112K
  class space    used 2367K, committed 2496K, reserved 1048576K
}
Event: 1.929 GC heap after
{Heap after GC invocations=3 (full 0):
 garbage-first heap   total reserved 6254592K, committed 393216K, used 11231K [0x0000000682400000, 0x0000000800000000)
  region size 4096K, 1 young (4096K), 1 survivors (4096K)
 Metaspace       used 21277K, committed 21504K, reserved 1114112K
  class space    used 2367K, committed 2496K, reserved 1048576K
}
Event: 2.246 GC heap before
{Heap before GC invocations=4 (full 0):
 garbage-first heap   total reserved 6254592K, committed 40960K, used 39903K [0x0000000682400000, 0x0000000800000000)
  region size 4096K, 8 young (32768K), 1 survivors (4096K)
 Metaspace       used 26450K, committed 26688K, reserved 1114112K
  class space    used 3052K, committed 3136K, reserved 1048576K
}
Event: 2.251 GC heap after
{Heap after GC invocations=5 (full 0):
 garbage-first heap   total reserved 6254592K, committed 49152K, used 13696K [0x0000000682400000, 0x0000000800000000)
  region size 4096K, 2 young (8192K), 2 survivors (8192K)
 Metaspace       used 26450K, committed 26688K, reserved 1114112K
  class space    used 3052K, committed 3136K, reserved 1048576K
}
Event: 2.555 GC heap before
{Heap before GC invocations=5 (full 0):
 garbage-first heap   total reserved 6254592K, committed 49152K, used 34176K [0x0000000682400000, 0x0000000800000000)
  region size 4096K, 7 young (28672K), 2 survivors (8192K)
 Metaspace       used 28363K, committed 28672K, reserved 1114112K
  class space    used 3263K, committed 3392K, reserved 1048576K
}
Event: 2.560 GC heap after
{Heap after GC invocations=6 (full 0):
 garbage-first heap   total reserved 6254592K, committed 49152K, used 15425K [0x0000000682400000, 0x0000000800000000)
  region size 4096K, 1 young (4096K), 1 survivors (4096K)
 Metaspace       used 28363K, committed 28672K, reserved 1114112K
  class space    used 3263K, committed 3392K, reserved 1048576K
}
Event: 2.856 GC heap before
{Heap before GC invocations=6 (full 0):
 garbage-first heap   total reserved 6254592K, committed 49152K, used 31809K [0x0000000682400000, 0x0000000800000000)
  region size 4096K, 5 young (20480K), 1 survivors (4096K)
 Metaspace       used 30643K, committed 30976K, reserved 1114112K
  class space    used 3565K, committed 3712K, reserved 1048576K
}
Event: 2.859 GC heap after
{Heap after GC invocations=7 (full 0):
 garbage-first heap   total reserved 6254592K, committed 49152K, used 16303K [0x0000000682400000, 0x0000000800000000)
  region size 4096K, 1 young (4096K), 1 survivors (4096K)
 Metaspace       used 30643K, committed 30976K, reserved 1114112K
  class space    used 3565K, committed 3712K, reserved 1048576K
}
Event: 3.201 GC heap before
{Heap before GC invocations=7 (full 0):
 garbage-first heap   total reserved 6254592K, committed 49152K, used 28591K [0x0000000682400000, 0x0000000800000000)
  region size 4096K, 5 young (20480K), 1 survivors (4096K)
 Metaspace       used 32913K, committed 33280K, reserved 1114112K
  class space    used 3903K, committed 4032K, reserved 1048576K
}
Event: 3.205 GC heap after
{Heap after GC invocations=8 (full 0):
 garbage-first heap   total reserved 6254592K, committed 49152K, used 17590K [0x0000000682400000, 0x0000000800000000)
  region size 4096K, 1 young (4096K), 1 survivors (4096K)
 Metaspace       used 32913K, committed 33280K, reserved 1114112K
  class space    used 3903K, committed 4032K, reserved 1048576K
}
Event: 3.528 GC heap before
{Heap before GC invocations=8 (full 0):
 garbage-first heap   total reserved 6254592K, committed 49152K, used 29878K [0x0000000682400000, 0x0000000800000000)
  region size 4096K, 5 young (20480K), 1 survivors (4096K)
 Metaspace       used 35712K, committed 36160K, reserved 1114112K
  class space    used 4322K, committed 4544K, reserved 1048576K
}
Event: 3.532 GC heap after
{Heap after GC invocations=9 (full 0):
 garbage-first heap   total reserved 6254592K, committed 49152K, used 19315K [0x0000000682400000, 0x0000000800000000)
  region size 4096K, 1 young (4096K), 1 survivors (4096K)
 Metaspace       used 35712K, committed 36160K, reserved 1114112K
  class space    used 4322K, committed 4544K, reserved 1048576K
}
Event: 3.858 GC heap before
{Heap before GC invocations=10 (full 0):
 garbage-first heap   total reserved 6254592K, committed 49152K, used 35699K [0x0000000682400000, 0x0000000800000000)
  region size 4096K, 5 young (20480K), 1 survivors (4096K)
 Metaspace       used 38453K, committed 38912K, reserved 1114112K
  class space    used 4658K, committed 4864K, reserved 1048576K
}
Event: 3.862 GC heap after
{Heap after GC invocations=11 (full 0):
 garbage-first heap   total reserved 6254592K, committed 49152K, used 20499K [0x0000000682400000, 0x0000000800000000)
  region size 4096K, 1 young (4096K), 1 survivors (4096K)
 Metaspace       used 38453K, committed 38912K, reserved 1114112K
  class space    used 4658K, committed 4864K, reserved 1048576K
}
Event: 4.176 GC heap before
{Heap before GC invocations=11 (full 0):
 garbage-first heap   total reserved 6254592K, committed 49152K, used 32787K [0x0000000682400000, 0x0000000800000000)
  region size 4096K, 5 young (20480K), 1 survivors (4096K)
 Metaspace       used 42079K, committed 42624K, reserved 1114112K
  class space    used 5185K, committed 5440K, reserved 1048576K
}
Event: 4.180 GC heap after
{Heap after GC invocations=12 (full 0):
 garbage-first heap   total reserved 6254592K, committed 221184K, used 21692K [0x0000000682400000, 0x0000000800000000)
  region size 4096K, 1 young (4096K), 1 survivors (4096K)
 Metaspace       used 42079K, committed 42624K, reserved 1114112K
  class space    used 5185K, committed 5440K, reserved 1048576K
}
Event: 5.733 GC heap before
{Heap before GC invocations=12 (full 0):
 garbage-first heap   total reserved 6254592K, committed 221184K, used 91324K [0x0000000682400000, 0x0000000800000000)
  region size 4096K, 20 young (81920K), 1 survivors (4096K)
 Metaspace       used 59860K, committed 60416K, reserved 1114112K
  class space    used 7795K, committed 8064K, reserved 1048576K
}
Event: 5.738 GC heap after
{Heap after GC invocations=13 (full 0):
 garbage-first heap   total reserved 6254592K, committed 221184K, used 25346K [0x0000000682400000, 0x0000000800000000)
  region size 4096K, 2 young (8192K), 2 survivors (8192K)
 Metaspace       used 59860K, committed 60416K, reserved 1114112K
  class space    used 7795K, committed 8064K, reserved 1048576K
}
Event: 7.016 GC heap before
{Heap before GC invocations=14 (full 0):
 garbage-first heap   total reserved 6254592K, committed 98304K, used 94978K [0x0000000682400000, 0x0000000800000000)
  region size 4096K, 19 young (77824K), 2 survivors (8192K)
 Metaspace       used 70488K, committed 71168K, reserved 1114112K
  class space    used 9524K, committed 9856K, reserved 1048576K
}
Event: 7.023 GC heap after
{Heap after GC invocations=15 (full 0):
 garbage-first heap   total reserved 6254592K, committed 110592K, used 29747K [0x0000000682400000, 0x0000000800000000)
  region size 4096K, 3 young (12288K), 3 survivors (12288K)
 Metaspace       used 70488K, committed 71168K, reserved 1114112K
  class space    used 9524K, committed 9856K, reserved 1048576K
}

